from numpy import array

import cPickle as pickle


from mpmath import mpf 


from mpmath import mpf 

parser = None

scaler = 'GeneralizedLinearScaler'

thermodynamics = 'ThermoCorrections'

solver = 'SteadyStateSolver'

mapper = 'MinResidMapper'

binary_data = pickle.load(open("CO_oxidation.pkl"))

locals().update(binary_data)

adsorbate_coefficient_matrix = array([[ 0.,  1.,  0.],
       [ 1.,  0., -0.]])

adsorbate_interaction_model = 'ideal'

adsorbate_interactions = None

adsorbate_names = ('CO_s', 'O_s')

adsorbate_thermo_mode = 'frozen_adsorbate'

analytical_jacobian = True

atomic_reservoir_dict = {'C': 'CO_g', 'O': 'O2_g'}

atomic_reservoir_list = [{'C': 'CO2_g', 'O': 'CO_g'}, {'C': 'CO2_g', 'O': 'O2_g'}, {'C': 'CO_g', 'O': 'O2_g'}]

atoms_dict = {}

avoid_scaling = False

coefficient_matrix = array([[ 0.        ,  1.        ,  0.        ],
       [ 1.        ,  0.        , -0.        ],
       [ 0.67384428,  0.67384428,  1.83304837],
       [ 1.43185233,  0.        ,  3.1898893 ]])

coefficient_maxs = [[0.0, 1e+99, 1e+99], [1e+99, 0.0, 1e+99], [1e+99, 1e+99, 1e+99], [1e+99, 1e+99, 1e+99]]

coefficient_mins = [[0.0, 0, -1e+99], [0, 0.0, -1e+99], [0, 0, -1e+99], [0, 0, -1e+99]]

coverage_headers = ['coverage', 'coadsorbate_coverage']

data_file = 'CO_oxidation.pkl'

decimal_precision = 100

default_constraints = ['+', '+', None]

default_interaction_constraints = None

descriptor_decimal_precision = 2

descriptor_dict = {'Ru': [-0.07, 1.3], 'Pt': [1.62, 1.7], 'Ag': [2.05, 2.99], 'Ni': [0.35, 1.63], 'Au': [2.61, 3.04], 'Pd': [1.55, 1.55], 'Rh': [0.55, 1.34], 'Cu': [1.07, 2.58]}

descriptor_names = ('O_s', 'CO_s')

descriptor_ranges = [[-1, 3], [-0.5, 4]]

echem_transition_state_names = []

electrochemical_thermo_mode = 'simple_electrochemical'

elementary_rxns = ([['s', 'CO_g'], ['CO_s']], [['s', 's', 'O2_g'], ['O-O_s', 's'], ['O_s', 'O_s']], [['CO_s', 'O_s'], ['O-CO_s', 's'], ['CO2_g', 's', 's']])

estimate_frequencies = True

extrapolate_coverages = False

fixed_entropy_dict = {'H2_g': 0.00135, 'other': 0.002}

force_recalculation = False

force_recompilation = False

frequency_dict = {'O-O_s': [], 'CO_g': [0.26904571400000005], 'O2_g': [0.19589503600000002], 'O_s': [], '*_g': [], 'O-CO_s': [], 'CO_s': [], 'g': [], 's': [], '*_s': [], 'CO2_g': [0.16527093860000003, 0.2912388858, 0.0826974614, 0.0826974614]}

frequency_surface_names = []

frequency_unit_conversion = 0.0001239842

gas_names = ('CO2_g', 'CO_g', 'O2_g')

gas_pressures = [0, 1.0, 0.3333333333333333]

gas_thermo_mode = 'shomate_gas'

hbond_dict = {'OCHCH2': 0.0, 'C': 0.0, 'CH': 0.0, 'CO': -0.1, 'OH': -0.5, 'CHOH': -0.25, 'H': 0.0, 'OCHO': 0.0, 'O': 0.0, 'CHO': -0.1, 'OCH3': 0.0, 'CH2': 0.0, 'CH3': 0.0, 'COHOH': -0.25, 'OCH2O': 0.0, 'CH2OH': -0.25, 'CH2O': 0.0, 'COH': -0.25, 'COOH': -0.25, 'OCHCHO': 0.0}

ideal_gas_params = {'H2_g': [2, 'linear', 0], 'CH3OH_g': [1, 'nonlinear', 0], 'C5H6O2_g': [1, 'nonlinear', 0], 'CO_g': [1, 'linear', 0], 'H2O_g': [2, 'nonlinear', 0], 'HCOOH_g': [1, 'nonlinear', 0], 'CH3CH2CHCH2_g': [1, 'nonlinear', 0], 'CH3CHCH2_g': [1, 'nonlinear', 0], 'O2_g': [2, 'linear', 1.0], 'N2_g': [2, 'linear', 0], 'CH3CH2OH_g': [1, 'nonlinear', 0], 'NH3_g': [3, 'nonlinear', 0], 'CH4_g': [12, 'nonlinear', 0], 'CH3CHO_g': [1, 'nonlinear', 0], 'CH2CH2_g': [4, 'nonlinear', 0], 'CH3CHCHCH3_g': [2, 'nonlinear', 0], 'CO2_g': [2, 'linear', 0], 'pe_g': [2, 'linear', 0], 'CH3CH3CCH2_g': [2, 'nonlinear', 0], 'C2H4_g': [4, 'nonlinear', 0], 'C5H4O2_g': [1, 'nonlinear', 0], 'C5H6O_g': [1, 'nonlinear', 0], 'CH2O_g': [2, 'nonlinear', 0], 'CH3COOH_g': [1, 'nonlinear', 0], 'C2H6_g': [6, 'nonlinear', 0]}

input_file = 'energies.txt'

interaction_fitting_mode = None

interaction_surface_names = None

internally_constrain_coverages = True

max_bisections = 3

max_initial_guesses = 3

max_rootfinding_iterations = 100

max_self_interaction = 'Pd'

model_name = 'CO_oxidation'

numerical_representation = 'mpmath'

optimize_analytical_expressions = False

output_labels = {'rate': ([['s', 'CO_g'], ['CO_s']], [['s', 's', 'O2_g'], ['O-O_s', 's'], ['O_s', 'O_s']], [['CO_s', 'O_s'], ['O-CO_s', 's'], ['CO2_g', 's', 's']]), 'production_rate': ('CO2_g', 'CO_g', 'O2_g'), 'coverage': ('CO_s', 'O_s')}

output_variables = ['coverage', 'rate', 'production_rate']

parameter_dict = {'O-O_s': [5.35, 5.98, 4.74, 3.79, 5.34, 7.22, 3.34, None], 'CO_s': [1.7, 2.99, 2.58, 1.34, 1.55, 3.04, 1.3, 1.63], 'O-CO_s': [4.04, 5.05, 4.18, 3.1, 4.2, 5.74, 2.53, 3.25], 'O_s': [1.62, 2.05, 1.07, 0.55, 1.55, 2.61, -0.07, 0.35]}

parameter_mode = 'formation_energy'

parameter_names = ('CO_s', 'O_s', 'O-CO_s', 'O-O_s')

parse_headers = ['formation_energy', 'frequencies']

perturbation_size = 1e-14

prefactor_list = ['kB*T/h', 'kB*T/h', 'kB*T/h']

pressure_mode = 'static'

required_headers = ['species_name', 'surface_name', 'site_name', 'formation_energy', 'frequencies', 'reference']

residual_threshold = 0.9

resolution = [20, 20]

rxn_expressions = ['*_s + CO_g -> CO*', '2*_s + O2_g <-> O-O* + *_s -> 2O*', 'CO* +  O* <-> O-CO* + * -> CO2_g + 2*']

rxn_options_dict = {'beta': {}, 'prefactor': {}}

scaling_constraint_dict = {'CO_s': [0, '+', None], 'O-O_s': 'final_state', 'O-CO_s': 'initial_state', 'O_s': ['+', 0, None]}

search_directions = [[0, 0], [0, 1], [1, 0], [0, -1], [-1, 0], [-1, 1], [1, 1], [1, -1], [-1, -1]]

setup_file = 'CO_oxidation.mkm'

shomate_params = {'HNO3_g:298-1200': [19.63229, 153.9599, -115.8378, 32.87955, -0.249114, -146.8818, 247.7049, -134.306], 'CH4_g:298-1300': [-0.703029, 108.4773, -42.52157, 5.862788, 0.678565, -76.84376, 158.7163, -74.8731], 'C5H4O2_g:100-1500': [-16.36694, 0.46958, -0.000331925, 8.50912e-08, 198590.9145, -1661.34999, -15.68938, 12461.34999], 'CH2CH2_g:298-1200': [-6.38788, 184.4019, -112.9718, 28.49593, 0.31554, 48.17332, 163.1568, 52.46694], 'HCN_g:298-1200': [32.69373, 22.59205, -4.369142, -0.407697, -0.282399, 123.4811, 233.2597, 135.1432], 'N2_g:100-500': [28.98641, 1.853978, -9.647459, 16.63537, 0.000117, -8.671914, 226.4168, 0.0], 'O2_g:2000-6000': [20.91111, 10.72071, -2.020498, 0.146449, 9.245722, 5.337651, 237.6185, 0.0], 'CO2_g:1200-6000': [58.16639, 2.720075, -0.492289, 0.038844, -6.447293, -425.9186, 263.6125, -393.5224], 'H2_g:1000-2500': [18.563083, 12.257357, -2.859786, 0.268238, 1.97799, -1.147438, 156.288133, 0], 'HNO2_g:298-1200': [24.89974, 91.37563, -64.84614, 17.92007, -0.134737, -88.13596, 254.2671, -76.73498], 'NO_g:298-1200': [23.83491, 12.58878, -1.139011, -1.497459, 0.214194, 83.35783, 237.1219, 90.29114], 'NH3_g:298-1400': [19.99563, 49.77119, -15.37599, 1.921168, 0.189174, -53.30667, 203.8591, -45.89806], 'N2_g:500-2000': [19.50583, 19.88705, -8.598535, 1.369784, 0.527601, -4.935202, 212.39, 0.0], 'O2_g:100-700': [31.32234, -20.23531, 57.8664, -36.50624, -0.007374, -8.903471, 246.7945, 0.0], 'CO_g:1300-1600': [35.1507, 1.300095, -0.205921, 0.01355, -3.28278, -127.8375, 231.712, -110.5271], 'CH2O_g:298-1500': [5.193767, 93.23249, -44.85457, 7.882279, 0.551175, -119.3591, 202.4663, -115.8972], 'CH4_g:1300-1600': [85.81217, 11.26467, -2.114146, 0.13819, -26.42221, -153.5327, 224.4143, -74.8731], 'C5H6O2_g:100-1500': [-18.57626, 0.50733, -0.000335824, 8.28263e-08, 231619.2141, -6357.53523, 2.75692, 7057.53523], 'H2O_g:1700-6000': [41.96426, 8.622053, -1.49978, 0.098119, -11.15764, -272.1797, 219.7809, -241.8264], 'H2_g:2500-6000': [43.41356, -4.293079, 1.272428, -0.096876, -20.533862, -38.515158, 162.081354, 0], 'H2_g:298-1000': [33.066178, -11.363417, 11.432816, -2.772874, -0.158558, -9.980797, 172.707974, 0], 'NO3_g:298-1200': [11.22316, 166.3889, -148.4458, 47.40598, -0.176791, 61.00858, 221.7679, 71.128], 'C5H6O_g:50-1500': [1.26847, 0.35388, -0.000173962, 2.87427e-08, 48401.71207, -5691.94893, -85.38991, 7191.94893], 'CO_g:298-1300': [25.56759, 6.09613, 4.054656, -2.671201, 0.131021, -118.0089, 227.3665, -110.5271], 'O2_g:700-2000': [30.03235, 8.772972, -3.988133, 0.788313, -0.741599, -11.32468, 236.1663, 0.0], 'H2O_g:500-1700': [30.092, 6.832514, 6.793435, -2.53448, 0.082139, -250.881, 223.3967, -241.8264], 'CH3CH2OH_g:298-1500': [-4.7367880805894265, 271.96181550301463, -169.34946529216657, 43.73860153608533, 0.24643430702178773, -9.828280829187861, 203.3325622617075, 0.0], 'CH3CHO_g:298-1500': [4.8037386340099095, 185.92002366990326, -99.1084610902012, 20.61473919069016, 0.2770802548558646, -8.566600040790945, 220.00244674443837, 0.0], 'N2O_g:298-1400': [27.67988, 51.14898, -30.64454, 6.847911, -0.157906, 71.24934, 238.6164, 82.04824], 'HCOOH_g:298-1500': [3.802752304225226, 153.66217894746168, -84.64046773816926, 16.297377707561505, 0.2772064997263338, -6.16527, 212.9698972559699, 0], 'NO2_g:298-1200': [16.10857, 75.89525, -54.3874, 14.30777, 0.239423, 26.17464, 240.5386, 33.09502], 'CO2_g:298-1200': [24.99735, 55.18696, -33.69137, 7.948387, -0.136638, -403.6075, 228.2431, -393.5224], 'H2O_g:100-500': [36.303952, -24.11232, 63.64111, -38.9524, -0.01385, -10.23966, 237.39431, 0.0], 'CH3OH_g:298-1500': [-1.0845814245433651, 153.2463565199489, -79.53050359618254, 16.47130239316011, 0.5220334601533215, -4.897417024069, 199.1893745506112, 0.0]}

site_names = ('s', 'g')

species_definitions = {'O-O_s': {'n_sites': 1, 'formation_energy': [5.35, 5.98, 4.74, 3.79, 5.34, 7.22, 3.34, None], 'name': 'O-O', 'frequencies': [], 'formation_energy_source': ['Falsig et al (2012)', 'Falsig et al (2012)', 'Falsig et al (2012)', 'Falsig et al (2012)', 'Falsig et al (2012)', 'Falsig et al (2012)', 'Falsig et al (2012)'], 'site': 's', 'type': 'transition_state', 'composition': {'O': 2}}, 'CO_g': {'n_sites': 0, 'pressure': 1.0, 'formation_energy': 2.74, 'name': 'CO', 'frequencies': [0.26904571400000005], 'formation_energy_source': '"Energy Environ. Sci., 3, 1311-1315 (2010)"', 'type': 'gas', 'composition': {'C': 1, 'O': 1}, 'site': 'g'}, 'O2_g': {'n_sites': 0, 'pressure': 0.3333333333333333, 'formation_energy': 5.42, 'name': 'O2', 'frequencies': [0.19589503600000002], 'formation_energy_source': 'Falsig et al (2012)', 'type': 'gas', 'composition': {'O': 2}, 'site': 'g'}, 'O_s': {'n_sites': 1, 'formation_energy': [1.62, 2.05, 1.07, 0.55, 1.55, 2.61, -0.07, 0.35], 'name': 'O', 'frequencies': [], 'formation_energy_source': ['Falsig et al (2012)', 'Falsig et al (2012)', 'Falsig et al (2012)', 'Falsig et al (2012)', 'Falsig et al (2012)', 'Falsig et al (2012)', 'Falsig et al (2012)', 'Falsig et al (2012)'], 'site': 's', 'type': 'adsorbate', 'composition': {'O': 1}}, '*_g': {'n_sites': 0, 'formation_energy': 0, 'name': 'g', 'frequencies': [], 'site': 'g', 'total': 0, 'type': 'site', 'composition': {}, 'site_names': ['gas']}, 'O-CO_s': {'n_sites': 1, 'formation_energy': [4.04, 5.05, 4.18, 3.1, 4.2, 5.74, 2.53, 3.25], 'name': 'O-CO', 'frequencies': [], 'formation_energy_source': ['"Angew. Chem. Int. Ed., 47, 4835 (2008)"', '"Angew. Chem. Int. Ed., 47, 4835 (2008)"', '"Angew. Chem. Int. Ed., 47, 4835 (2008)"', '"Angew. Chem. Int. Ed., 47, 4835 (2008)"', '"Angew. Chem. Int. Ed., 47, 4835 (2008)"', '"Angew. Chem. Int. Ed., 47, 4835 (2008)"', '"Angew. Chem. Int. Ed., 47, 4835 (2008)"', '"Angew. Chem. Int. Ed., 47, 4835 (2008)"'], 'site': 's', 'type': 'transition_state', 'composition': {'C': 1, 'O': 2}}, 'CO_s': {'n_sites': 1, 'formation_energy': [1.7, 2.99, 2.58, 1.34, 1.55, 3.04, 1.3, 1.63], 'name': 'CO', 'frequencies': [], 'formation_energy_source': ['"Angew. Chem. Int. Ed., 47, 4835 (2008)"', '"Angew. Chem. Int. Ed., 47, 4835 (2008)"', '"Angew. Chem. Int. Ed., 47, 4835 (2008)"', '"Angew. Chem. Int. Ed., 47, 4835 (2008)"', '"Angew. Chem. Int. Ed., 47, 4835 (2008)"', '"Angew. Chem. Int. Ed., 47, 4835 (2008)"', '"Angew. Chem. Int. Ed., 47, 4835 (2008)"', '"Angew. Chem. Int. Ed., 47, 4835 (2008)"'], 'site': 's', 'type': 'adsorbate', 'composition': {'C': 1, 'O': 1}}, 'g': {'n_sites': 0, 'formation_energy': 0, 'name': 'g', 'frequencies': [], 'site': 'g', 'total': 0, 'type': 'site', 'composition': {}, 'site_names': ['gas']}, 's': {'n_sites': 1, 'formation_energy': 0, 'name': 's', 'frequencies': [], 'site': 's', 'total': 1, 'type': 'site', 'composition': {}, 'site_names': ['111']}, '*_s': {'n_sites': 1, 'formation_energy': 0, 'name': 's', 'frequencies': [], 'site': 's', 'total': 1, 'type': 'site', 'composition': {}, 'site_names': ['111']}, 'CO2_g': {'n_sites': 0, 'pressure': 0, 'formation_energy': 2.45, 'name': 'CO2', 'frequencies': [0.16527093860000003, 0.2912388858, 0.0826974614, 0.0826974614], 'formation_energy_source': '"Angew. Chem. Int. Ed., 47, 4835 (2008)"', 'type': 'gas', 'composition': {'C': 1, 'O': 2}, 'site': 'g'}}

standard_coadsorbate_coverage = 'min'

standard_coverage = 'min'

surface_names = ('Pt', 'Ag', 'Cu', 'Rh', 'Pd', 'Au', 'Ru', 'Ni')

temperature = 500

thermodynamic_corrections = ['gas', 'adsorbate']

thermodynamic_variables = ['temperature', 'gas_pressures', 'voltage', 'beta', 'pH', 'Upzc', 'gas_thermo_mode', 'adsorbate_thermo_mode']

tolerance = 1e-50

total_coefficient_dict = {'CO_s': array([ 0.,  1.,  0.]), 'O-O_s': array([ 1.34606,  0.13215,  3.03111]), 'O-CO_s': array([ 0.82991,  0.47453,  2.0451 ]), 'O_s': array([ 1.,  0., -0.])}

transition_state_coefficient_matrix = array([[ 0.67384428,  0.67384428,  1.83304837],
       [ 1.43185233,  0.        ,  3.1898893 ]])

transition_state_cross_interaction_mode = 'transition_state_scaling'

transition_state_names = ('O-CO_s', 'O-O_s')

transition_state_scaling_coefficients = [[0.6738442782299251, 1.8330483706217664], [0.71592616659221087, 3.1898893021043055]]

transition_state_scaling_matrix = array([[ 0.67384428,  0.67384428,  1.83304837],
       [ 0.        ,  1.43185233,  3.1898893 ]])

transition_state_scaling_mode = 'initial_state'

transition_state_scaling_parameters = {}

verbose = 1

stdout = """initial_evaluation: success - initial guess at point [ 3.00, 4.00]
initial_evaluation: success - initial guess at point [ 3.00, 3.76]
initial_evaluation: success - initial guess at point [ 3.00, 3.53]
initial_evaluation: success - initial guess at point [ 3.00, 3.29]
initial_evaluation: success - initial guess at point [ 3.00, 3.05]
initial_evaluation: success - initial guess at point [ 3.00, 2.82]
initial_evaluation: success - initial guess at point [ 3.00, 2.58]
initial_evaluation: success - initial guess at point [ 3.00, 2.34]
initial_evaluation: success - initial guess at point [ 3.00, 2.11]
initial_evaluation: success - initial guess at point [ 3.00, 1.87]
initial_evaluation: success - initial guess at point [ 3.00, 1.63]
initial_evaluation: success - initial guess at point [ 3.00, 1.39]
initial_evaluation: success - initial guess at point [ 3.00, 1.16]
initial_evaluation: success - initial guess at point [ 3.00, 0.92]
initial_evaluation: success - initial guess at point [ 3.00, 0.68]
initial_evaluation: success - initial guess at point [ 3.00, 0.45]
initial_evaluation: success - initial guess at point [ 3.00, 0.21]
initial_evaluation: success - initial guess at point [ 3.00,-0.03]
initial_evaluation: success - initial guess at point [ 3.00,-0.26]
initial_evaluation: success - initial guess at point [ 3.00,-0.50]
initial_evaluation: success - initial guess at point [ 2.79, 4.00]
initial_evaluation: success - initial guess at point [ 2.79, 3.76]
initial_evaluation: success - initial guess at point [ 2.79, 3.53]
initial_evaluation: success - initial guess at point [ 2.79, 3.29]
initial_evaluation: success - initial guess at point [ 2.79, 3.05]
initial_evaluation: success - initial guess at point [ 2.79, 2.82]
initial_evaluation: success - initial guess at point [ 2.79, 2.58]
initial_evaluation: success - initial guess at point [ 2.79, 2.34]
initial_evaluation: success - initial guess at point [ 2.79, 2.11]
initial_evaluation: success - initial guess at point [ 2.79, 1.87]
initial_evaluation: success - initial guess at point [ 2.79, 1.63]
initial_evaluation: success - initial guess at point [ 2.79, 1.39]
initial_evaluation: success - initial guess at point [ 2.79, 1.16]
initial_evaluation: success - initial guess at point [ 2.79, 0.92]
initial_evaluation: success - initial guess at point [ 2.79, 0.68]
initial_evaluation: success - initial guess at point [ 2.79, 0.45]
initial_evaluation: success - initial guess at point [ 2.79, 0.21]
initial_evaluation: success - initial guess at point [ 2.79,-0.03]
initial_evaluation: success - initial guess at point [ 2.79,-0.26]
initial_evaluation: success - initial guess at point [ 2.79,-0.50]
initial_evaluation: success - initial guess at point [ 2.58, 4.00]
initial_evaluation: success - initial guess at point [ 2.58, 3.76]
initial_evaluation: success - initial guess at point [ 2.58, 3.53]
initial_evaluation: success - initial guess at point [ 2.58, 3.29]
initial_evaluation: success - initial guess at point [ 2.58, 3.05]
initial_evaluation: success - initial guess at point [ 2.58, 2.82]
initial_evaluation: success - initial guess at point [ 2.58, 2.58]
initial_evaluation: success - initial guess at point [ 2.58, 2.34]
initial_evaluation: success - initial guess at point [ 2.58, 2.11]
initial_evaluation: success - initial guess at point [ 2.58, 1.87]
initial_evaluation: success - initial guess at point [ 2.58, 1.63]
initial_evaluation: success - initial guess at point [ 2.58, 1.39]
initial_evaluation: success - initial guess at point [ 2.58, 1.16]
initial_evaluation: success - initial guess at point [ 2.58, 0.92]
initial_evaluation: success - initial guess at point [ 2.58, 0.68]
initial_evaluation: success - initial guess at point [ 2.58, 0.45]
initial_evaluation: success - initial guess at point [ 2.58, 0.21]
initial_evaluation: success - initial guess at point [ 2.58,-0.03]
initial_evaluation: success - initial guess at point [ 2.58,-0.26]
initial_evaluation: success - initial guess at point [ 2.58,-0.50]
initial_evaluation: success - initial guess at point [ 2.37, 4.00]
initial_evaluation: success - initial guess at point [ 2.37, 3.76]
initial_evaluation: success - initial guess at point [ 2.37, 3.53]
initial_evaluation: success - initial guess at point [ 2.37, 3.29]
initial_evaluation: success - initial guess at point [ 2.37, 3.05]
rootfinding_iteration_2: fail - stagnated or diverging (residual = 11.7557901528)
initial_evaluation: fail - initial guess at point [ 2.37, 2.82]
initial_evaluation: success - initial guess at point [ 2.37, 2.58]
initial_evaluation: success - initial guess at point [ 2.37, 2.34]
initial_evaluation: success - initial guess at point [ 2.37, 2.11]
initial_evaluation: success - initial guess at point [ 2.37, 1.87]
initial_evaluation: success - initial guess at point [ 2.37, 1.63]
initial_evaluation: success - initial guess at point [ 2.37, 1.39]
initial_evaluation: success - initial guess at point [ 2.37, 1.16]
initial_evaluation: success - initial guess at point [ 2.37, 0.92]
initial_evaluation: success - initial guess at point [ 2.37, 0.68]
initial_evaluation: success - initial guess at point [ 2.37, 0.45]
initial_evaluation: success - initial guess at point [ 2.37, 0.21]
initial_evaluation: success - initial guess at point [ 2.37,-0.03]
initial_evaluation: success - initial guess at point [ 2.37,-0.26]
initial_evaluation: success - initial guess at point [ 2.37,-0.50]
initial_evaluation: success - initial guess at point [ 2.16, 4.00]
initial_evaluation: success - initial guess at point [ 2.16, 3.76]
initial_evaluation: success - initial guess at point [ 2.16, 3.53]
initial_evaluation: success - initial guess at point [ 2.16, 3.29]
initial_evaluation: success - initial guess at point [ 2.16, 3.05]
rootfinding_iteration_3: fail - stagnated or diverging (residual = 3.33980670572e-07)
initial_evaluation: fail - initial guess at point [ 2.16, 2.82]
rootfinding_iteration_6: fail - stagnated or diverging (residual = 3.44501806826)
initial_evaluation: fail - initial guess at point [ 2.16, 2.58]
initial_evaluation: success - initial guess at point [ 2.16, 2.34]
initial_evaluation: success - initial guess at point [ 2.16, 2.11]
initial_evaluation: success - initial guess at point [ 2.16, 1.87]
initial_evaluation: success - initial guess at point [ 2.16, 1.63]
initial_evaluation: success - initial guess at point [ 2.16, 1.39]
initial_evaluation: success - initial guess at point [ 2.16, 1.16]
initial_evaluation: success - initial guess at point [ 2.16, 0.92]
initial_evaluation: success - initial guess at point [ 2.16, 0.68]
initial_evaluation: success - initial guess at point [ 2.16, 0.45]
initial_evaluation: success - initial guess at point [ 2.16, 0.21]
initial_evaluation: success - initial guess at point [ 2.16,-0.03]
initial_evaluation: success - initial guess at point [ 2.16,-0.26]
initial_evaluation: success - initial guess at point [ 2.16,-0.50]
initial_evaluation: success - initial guess at point [ 1.95, 4.00]
initial_evaluation: success - initial guess at point [ 1.95, 3.76]
initial_evaluation: success - initial guess at point [ 1.95, 3.53]
initial_evaluation: success - initial guess at point [ 1.95, 3.29]
initial_evaluation: success - initial guess at point [ 1.95, 3.05]
rootfinding_iteration_3: fail - stagnated or diverging (residual = 2.08020018744e-08)
initial_evaluation: fail - initial guess at point [ 1.95, 2.82]
rootfinding_iteration_3: fail - stagnated or diverging (residual = 2.08020018744e-08)
initial_evaluation: fail - initial guess at point [ 1.95, 2.58]
initial_evaluation: success - initial guess at point [ 1.95, 2.34]
initial_evaluation: success - initial guess at point [ 1.95, 2.11]
initial_evaluation: success - initial guess at point [ 1.95, 1.87]
initial_evaluation: success - initial guess at point [ 1.95, 1.63]
initial_evaluation: success - initial guess at point [ 1.95, 1.39]
initial_evaluation: success - initial guess at point [ 1.95, 1.16]
initial_evaluation: success - initial guess at point [ 1.95, 0.92]
initial_evaluation: success - initial guess at point [ 1.95, 0.68]
initial_evaluation: success - initial guess at point [ 1.95, 0.45]
initial_evaluation: success - initial guess at point [ 1.95, 0.21]
initial_evaluation: success - initial guess at point [ 1.95,-0.03]
initial_evaluation: success - initial guess at point [ 1.95,-0.26]
initial_evaluation: success - initial guess at point [ 1.95,-0.50]
initial_evaluation: success - initial guess at point [ 1.74, 4.00]
initial_evaluation: success - initial guess at point [ 1.74, 3.76]
initial_evaluation: success - initial guess at point [ 1.74, 3.53]
initial_evaluation: success - initial guess at point [ 1.74, 3.29]
initial_evaluation: success - initial guess at point [ 1.74, 3.05]
rootfinding_iteration_2: fail - stagnated or diverging (residual = 1.29565367134e-09)
initial_evaluation: fail - initial guess at point [ 1.74, 2.82]
rootfinding_iteration_3: fail - stagnated or diverging (residual = 1.29565367134e-09)
initial_evaluation: fail - initial guess at point [ 1.74, 2.58]
initial_evaluation: success - initial guess at point [ 1.74, 2.34]
initial_evaluation: success - initial guess at point [ 1.74, 2.11]
initial_evaluation: success - initial guess at point [ 1.74, 1.87]
initial_evaluation: success - initial guess at point [ 1.74, 1.63]
initial_evaluation: success - initial guess at point [ 1.74, 1.39]
initial_evaluation: success - initial guess at point [ 1.74, 1.16]
initial_evaluation: success - initial guess at point [ 1.74, 0.92]
initial_evaluation: success - initial guess at point [ 1.74, 0.68]
initial_evaluation: success - initial guess at point [ 1.74, 0.45]
initial_evaluation: success - initial guess at point [ 1.74, 0.21]
initial_evaluation: success - initial guess at point [ 1.74,-0.03]
initial_evaluation: success - initial guess at point [ 1.74,-0.26]
initial_evaluation: success - initial guess at point [ 1.74,-0.50]
initial_evaluation: success - initial guess at point [ 1.53, 4.00]
initial_evaluation: success - initial guess at point [ 1.53, 3.76]
initial_evaluation: success - initial guess at point [ 1.53, 3.53]
initial_evaluation: success - initial guess at point [ 1.53, 3.29]
initial_evaluation: success - initial guess at point [ 1.53, 3.05]
rootfinding_iteration_2: fail - stagnated or diverging (residual = 8.06998502446e-11)
initial_evaluation: fail - initial guess at point [ 1.53, 2.82]
rootfinding_iteration_2: fail - stagnated or diverging (residual = 8.06998502446e-11)
initial_evaluation: fail - initial guess at point [ 1.53, 2.58]
initial_evaluation: success - initial guess at point [ 1.53, 2.34]
initial_evaluation: success - initial guess at point [ 1.53, 2.11]
initial_evaluation: success - initial guess at point [ 1.53, 1.87]
initial_evaluation: success - initial guess at point [ 1.53, 1.63]
initial_evaluation: success - initial guess at point [ 1.53, 1.39]
initial_evaluation: success - initial guess at point [ 1.53, 1.16]
initial_evaluation: success - initial guess at point [ 1.53, 0.92]
initial_evaluation: success - initial guess at point [ 1.53, 0.68]
initial_evaluation: success - initial guess at point [ 1.53, 0.45]
initial_evaluation: success - initial guess at point [ 1.53, 0.21]
initial_evaluation: success - initial guess at point [ 1.53,-0.03]
initial_evaluation: success - initial guess at point [ 1.53,-0.26]
initial_evaluation: success - initial guess at point [ 1.53,-0.50]
initial_evaluation: success - initial guess at point [ 1.32, 4.00]
initial_evaluation: success - initial guess at point [ 1.32, 3.76]
initial_evaluation: success - initial guess at point [ 1.32, 3.53]
initial_evaluation: success - initial guess at point [ 1.32, 3.29]
initial_evaluation: success - initial guess at point [ 1.32, 3.05]
initial_evaluation: success - initial guess at point [ 1.32, 2.82]
initial_evaluation: success - initial guess at point [ 1.32, 2.58]
initial_evaluation: success - initial guess at point [ 1.32, 2.34]
initial_evaluation: success - initial guess at point [ 1.32, 2.11]
initial_evaluation: success - initial guess at point [ 1.32, 1.87]
initial_evaluation: success - initial guess at point [ 1.32, 1.63]
initial_evaluation: success - initial guess at point [ 1.32, 1.39]
initial_evaluation: success - initial guess at point [ 1.32, 1.16]
initial_evaluation: success - initial guess at point [ 1.32, 0.92]
initial_evaluation: success - initial guess at point [ 1.32, 0.68]
initial_evaluation: success - initial guess at point [ 1.32, 0.45]
initial_evaluation: success - initial guess at point [ 1.32, 0.21]
initial_evaluation: success - initial guess at point [ 1.32,-0.03]
initial_evaluation: success - initial guess at point [ 1.32,-0.26]
initial_evaluation: success - initial guess at point [ 1.32,-0.50]
initial_evaluation: success - initial guess at point [ 1.11, 4.00]
initial_evaluation: success - initial guess at point [ 1.11, 3.76]
initial_evaluation: success - initial guess at point [ 1.11, 3.53]
initial_evaluation: success - initial guess at point [ 1.11, 3.29]
initial_evaluation: success - initial guess at point [ 1.11, 3.05]
initial_evaluation: success - initial guess at point [ 1.11, 2.82]
initial_evaluation: success - initial guess at point [ 1.11, 2.58]
initial_evaluation: success - initial guess at point [ 1.11, 2.34]
initial_evaluation: success - initial guess at point [ 1.11, 2.11]
initial_evaluation: success - initial guess at point [ 1.11, 1.87]
initial_evaluation: success - initial guess at point [ 1.11, 1.63]
initial_evaluation: success - initial guess at point [ 1.11, 1.39]
initial_evaluation: success - initial guess at point [ 1.11, 1.16]
initial_evaluation: success - initial guess at point [ 1.11, 0.92]
initial_evaluation: success - initial guess at point [ 1.11, 0.68]
initial_evaluation: success - initial guess at point [ 1.11, 0.45]
initial_evaluation: success - initial guess at point [ 1.11, 0.21]
initial_evaluation: success - initial guess at point [ 1.11,-0.03]
initial_evaluation: success - initial guess at point [ 1.11,-0.26]
initial_evaluation: success - initial guess at point [ 1.11,-0.50]
initial_evaluation: success - initial guess at point [ 0.89, 4.00]
initial_evaluation: success - initial guess at point [ 0.89, 3.76]
initial_evaluation: success - initial guess at point [ 0.89, 3.53]
initial_evaluation: success - initial guess at point [ 0.89, 3.29]
initial_evaluation: success - initial guess at point [ 0.89, 3.05]
initial_evaluation: success - initial guess at point [ 0.89, 2.82]
initial_evaluation: success - initial guess at point [ 0.89, 2.58]
initial_evaluation: success - initial guess at point [ 0.89, 2.34]
initial_evaluation: success - initial guess at point [ 0.89, 2.11]
initial_evaluation: success - initial guess at point [ 0.89, 1.87]
initial_evaluation: success - initial guess at point [ 0.89, 1.63]
initial_evaluation: success - initial guess at point [ 0.89, 1.39]
initial_evaluation: success - initial guess at point [ 0.89, 1.16]
initial_evaluation: success - initial guess at point [ 0.89, 0.92]
initial_evaluation: success - initial guess at point [ 0.89, 0.68]
initial_evaluation: success - initial guess at point [ 0.89, 0.45]
initial_evaluation: success - initial guess at point [ 0.89, 0.21]
initial_evaluation: success - initial guess at point [ 0.89,-0.03]
initial_evaluation: success - initial guess at point [ 0.89,-0.26]
initial_evaluation: success - initial guess at point [ 0.89,-0.50]
initial_evaluation: success - initial guess at point [ 0.68, 4.00]
initial_evaluation: success - initial guess at point [ 0.68, 3.76]
initial_evaluation: success - initial guess at point [ 0.68, 3.53]
initial_evaluation: success - initial guess at point [ 0.68, 3.29]
initial_evaluation: success - initial guess at point [ 0.68, 3.05]
initial_evaluation: success - initial guess at point [ 0.68, 2.82]
initial_evaluation: success - initial guess at point [ 0.68, 2.58]
initial_evaluation: success - initial guess at point [ 0.68, 2.34]
initial_evaluation: success - initial guess at point [ 0.68, 2.11]
initial_evaluation: success - initial guess at point [ 0.68, 1.87]
initial_evaluation: success - initial guess at point [ 0.68, 1.63]
initial_evaluation: success - initial guess at point [ 0.68, 1.39]
initial_evaluation: success - initial guess at point [ 0.68, 1.16]
initial_evaluation: success - initial guess at point [ 0.68, 0.92]
initial_evaluation: success - initial guess at point [ 0.68, 0.68]
initial_evaluation: success - initial guess at point [ 0.68, 0.45]
initial_evaluation: success - initial guess at point [ 0.68, 0.21]
initial_evaluation: success - initial guess at point [ 0.68,-0.03]
initial_evaluation: success - initial guess at point [ 0.68,-0.26]
initial_evaluation: success - initial guess at point [ 0.68,-0.50]
initial_evaluation: success - initial guess at point [ 0.47, 4.00]
initial_evaluation: success - initial guess at point [ 0.47, 3.76]
initial_evaluation: success - initial guess at point [ 0.47, 3.53]
initial_evaluation: success - initial guess at point [ 0.47, 3.29]
initial_evaluation: success - initial guess at point [ 0.47, 3.05]
initial_evaluation: success - initial guess at point [ 0.47, 2.82]
initial_evaluation: success - initial guess at point [ 0.47, 2.58]
initial_evaluation: success - initial guess at point [ 0.47, 2.34]
initial_evaluation: success - initial guess at point [ 0.47, 2.11]
initial_evaluation: success - initial guess at point [ 0.47, 1.87]
initial_evaluation: success - initial guess at point [ 0.47, 1.63]
initial_evaluation: success - initial guess at point [ 0.47, 1.39]
initial_evaluation: success - initial guess at point [ 0.47, 1.16]
initial_evaluation: success - initial guess at point [ 0.47, 0.92]
initial_evaluation: success - initial guess at point [ 0.47, 0.68]
initial_evaluation: success - initial guess at point [ 0.47, 0.45]
initial_evaluation: success - initial guess at point [ 0.47, 0.21]
initial_evaluation: success - initial guess at point [ 0.47,-0.03]
initial_evaluation: success - initial guess at point [ 0.47,-0.26]
initial_evaluation: success - initial guess at point [ 0.47,-0.50]
initial_evaluation: success - initial guess at point [ 0.26, 4.00]
initial_evaluation: success - initial guess at point [ 0.26, 3.76]
initial_evaluation: success - initial guess at point [ 0.26, 3.53]
initial_evaluation: success - initial guess at point [ 0.26, 3.29]
initial_evaluation: success - initial guess at point [ 0.26, 3.05]
initial_evaluation: success - initial guess at point [ 0.26, 2.82]
initial_evaluation: success - initial guess at point [ 0.26, 2.58]
initial_evaluation: success - initial guess at point [ 0.26, 2.34]
initial_evaluation: success - initial guess at point [ 0.26, 2.11]
initial_evaluation: success - initial guess at point [ 0.26, 1.87]
initial_evaluation: success - initial guess at point [ 0.26, 1.63]
initial_evaluation: success - initial guess at point [ 0.26, 1.39]
initial_evaluation: success - initial guess at point [ 0.26, 1.16]
initial_evaluation: success - initial guess at point [ 0.26, 0.92]
initial_evaluation: success - initial guess at point [ 0.26, 0.68]
initial_evaluation: success - initial guess at point [ 0.26, 0.45]
initial_evaluation: success - initial guess at point [ 0.26, 0.21]
initial_evaluation: success - initial guess at point [ 0.26,-0.03]
initial_evaluation: success - initial guess at point [ 0.26,-0.26]
initial_evaluation: success - initial guess at point [ 0.26,-0.50]
initial_evaluation: success - initial guess at point [ 0.05, 4.00]
initial_evaluation: success - initial guess at point [ 0.05, 3.76]
initial_evaluation: success - initial guess at point [ 0.05, 3.53]
initial_evaluation: success - initial guess at point [ 0.05, 3.29]
initial_evaluation: success - initial guess at point [ 0.05, 3.05]
initial_evaluation: success - initial guess at point [ 0.05, 2.82]
initial_evaluation: success - initial guess at point [ 0.05, 2.58]
initial_evaluation: success - initial guess at point [ 0.05, 2.34]
initial_evaluation: success - initial guess at point [ 0.05, 2.11]
initial_evaluation: success - initial guess at point [ 0.05, 1.87]
initial_evaluation: success - initial guess at point [ 0.05, 1.63]
initial_evaluation: success - initial guess at point [ 0.05, 1.39]
initial_evaluation: success - initial guess at point [ 0.05, 1.16]
initial_evaluation: success - initial guess at point [ 0.05, 0.92]
initial_evaluation: success - initial guess at point [ 0.05, 0.68]
initial_evaluation: success - initial guess at point [ 0.05, 0.45]
initial_evaluation: success - initial guess at point [ 0.05, 0.21]
initial_evaluation: success - initial guess at point [ 0.05,-0.03]
initial_evaluation: success - initial guess at point [ 0.05,-0.26]
initial_evaluation: success - initial guess at point [ 0.05,-0.50]
initial_evaluation: success - initial guess at point [-0.16, 4.00]
initial_evaluation: success - initial guess at point [-0.16, 3.76]
initial_evaluation: success - initial guess at point [-0.16, 3.53]
initial_evaluation: success - initial guess at point [-0.16, 3.29]
initial_evaluation: success - initial guess at point [-0.16, 3.05]
initial_evaluation: success - initial guess at point [-0.16, 2.82]
initial_evaluation: success - initial guess at point [-0.16, 2.58]
initial_evaluation: success - initial guess at point [-0.16, 2.34]
initial_evaluation: success - initial guess at point [-0.16, 2.11]
initial_evaluation: success - initial guess at point [-0.16, 1.87]
initial_evaluation: success - initial guess at point [-0.16, 1.63]
initial_evaluation: success - initial guess at point [-0.16, 1.39]
initial_evaluation: success - initial guess at point [-0.16, 1.16]
initial_evaluation: success - initial guess at point [-0.16, 0.92]
initial_evaluation: success - initial guess at point [-0.16, 0.68]
initial_evaluation: success - initial guess at point [-0.16, 0.45]
initial_evaluation: success - initial guess at point [-0.16, 0.21]
initial_evaluation: success - initial guess at point [-0.16,-0.03]
initial_evaluation: success - initial guess at point [-0.16,-0.26]
initial_evaluation: success - initial guess at point [-0.16,-0.50]
initial_evaluation: success - initial guess at point [-0.37, 4.00]
initial_evaluation: success - initial guess at point [-0.37, 3.76]
initial_evaluation: success - initial guess at point [-0.37, 3.53]
initial_evaluation: success - initial guess at point [-0.37, 3.29]
initial_evaluation: success - initial guess at point [-0.37, 3.05]
initial_evaluation: success - initial guess at point [-0.37, 2.82]
initial_evaluation: success - initial guess at point [-0.37, 2.58]
initial_evaluation: success - initial guess at point [-0.37, 2.34]
initial_evaluation: success - initial guess at point [-0.37, 2.11]
initial_evaluation: success - initial guess at point [-0.37, 1.87]
initial_evaluation: success - initial guess at point [-0.37, 1.63]
initial_evaluation: success - initial guess at point [-0.37, 1.39]
initial_evaluation: success - initial guess at point [-0.37, 1.16]
initial_evaluation: success - initial guess at point [-0.37, 0.92]
initial_evaluation: success - initial guess at point [-0.37, 0.68]
initial_evaluation: success - initial guess at point [-0.37, 0.45]
initial_evaluation: success - initial guess at point [-0.37, 0.21]
initial_evaluation: success - initial guess at point [-0.37,-0.03]
initial_evaluation: success - initial guess at point [-0.37,-0.26]
initial_evaluation: success - initial guess at point [-0.37,-0.50]
initial_evaluation: success - initial guess at point [-0.58, 4.00]
initial_evaluation: success - initial guess at point [-0.58, 3.76]
initial_evaluation: success - initial guess at point [-0.58, 3.53]
initial_evaluation: success - initial guess at point [-0.58, 3.29]
initial_evaluation: success - initial guess at point [-0.58, 3.05]
initial_evaluation: success - initial guess at point [-0.58, 2.82]
initial_evaluation: success - initial guess at point [-0.58, 2.58]
initial_evaluation: success - initial guess at point [-0.58, 2.34]
initial_evaluation: success - initial guess at point [-0.58, 2.11]
initial_evaluation: success - initial guess at point [-0.58, 1.87]
initial_evaluation: success - initial guess at point [-0.58, 1.63]
initial_evaluation: success - initial guess at point [-0.58, 1.39]
initial_evaluation: success - initial guess at point [-0.58, 1.16]
initial_evaluation: success - initial guess at point [-0.58, 0.92]
initial_evaluation: success - initial guess at point [-0.58, 0.68]
initial_evaluation: success - initial guess at point [-0.58, 0.45]
initial_evaluation: success - initial guess at point [-0.58, 0.21]
initial_evaluation: success - initial guess at point [-0.58,-0.03]
initial_evaluation: success - initial guess at point [-0.58,-0.26]
initial_evaluation: success - initial guess at point [-0.58,-0.50]
initial_evaluation: success - initial guess at point [-0.79, 4.00]
initial_evaluation: success - initial guess at point [-0.79, 3.76]
initial_evaluation: success - initial guess at point [-0.79, 3.53]
initial_evaluation: success - initial guess at point [-0.79, 3.29]
initial_evaluation: success - initial guess at point [-0.79, 3.05]
initial_evaluation: success - initial guess at point [-0.79, 2.82]
initial_evaluation: success - initial guess at point [-0.79, 2.58]
initial_evaluation: success - initial guess at point [-0.79, 2.34]
initial_evaluation: success - initial guess at point [-0.79, 2.11]
initial_evaluation: success - initial guess at point [-0.79, 1.87]
initial_evaluation: success - initial guess at point [-0.79, 1.63]
initial_evaluation: success - initial guess at point [-0.79, 1.39]
initial_evaluation: success - initial guess at point [-0.79, 1.16]
initial_evaluation: success - initial guess at point [-0.79, 0.92]
initial_evaluation: success - initial guess at point [-0.79, 0.68]
initial_evaluation: success - initial guess at point [-0.79, 0.45]
initial_evaluation: success - initial guess at point [-0.79, 0.21]
initial_evaluation: success - initial guess at point [-0.79,-0.03]
initial_evaluation: success - initial guess at point [-0.79,-0.26]
initial_evaluation: success - initial guess at point [-0.79,-0.50]
initial_evaluation: success - initial guess at point [-1.00, 4.00]
initial_evaluation: success - initial guess at point [-1.00, 3.76]
initial_evaluation: success - initial guess at point [-1.00, 3.53]
initial_evaluation: success - initial guess at point [-1.00, 3.29]
initial_evaluation: success - initial guess at point [-1.00, 3.05]
initial_evaluation: success - initial guess at point [-1.00, 2.82]
initial_evaluation: success - initial guess at point [-1.00, 2.58]
initial_evaluation: success - initial guess at point [-1.00, 2.34]
initial_evaluation: success - initial guess at point [-1.00, 2.11]
initial_evaluation: success - initial guess at point [-1.00, 1.87]
initial_evaluation: success - initial guess at point [-1.00, 1.63]
initial_evaluation: success - initial guess at point [-1.00, 1.39]
initial_evaluation: success - initial guess at point [-1.00, 1.16]
initial_evaluation: success - initial guess at point [-1.00, 0.92]
initial_evaluation: success - initial guess at point [-1.00, 0.68]
initial_evaluation: success - initial guess at point [-1.00, 0.45]
initial_evaluation: success - initial guess at point [-1.00, 0.21]
initial_evaluation: success - initial guess at point [-1.00,-0.03]
initial_evaluation: success - initial guess at point [-1.00,-0.26]
initial_evaluation: success - initial guess at point [-1.00,-0.50]
mapper_iteration_0: status - 9 points do not have valid solution.
rootfinding_iteration_2: fail - stagnated or diverging (residual = 96.5684697162)
minresid_iteration_0: fail - [ 2.37, 2.82] using coverages from [ 2.37, 2.82]; initial residual was 10473.5017151 (residual = 96.5684697162)
minresid_iteration_1: success - [ 2.37, 2.82] using coverages from [ 2.37, 2.82]
rootfinding_iteration_2: fail - stagnated or diverging (residual = 3.33980670572e-07)
minresid_iteration_0: fail - [ 2.16, 2.82] using coverages from [ 2.16, 2.82]; initial residual was 5.67154940084 (residual = 3.33980670572e-07)
minresid_iteration_1: success - [ 2.16, 2.82] using coverages from [ 2.16, 3.05]
rootfinding_iteration_2: fail - stagnated or diverging (residual = 3.33980670572e-07)
minresid_iteration_0: fail - [ 2.16, 2.58] using coverages from [ 2.16, 2.58]; initial residual was 230.316135277 (residual = 3.33980670572e-07)
minresid_iteration_1: success - [ 2.16, 2.58] using coverages from [ 2.16, 2.34]
rootfinding_iteration_2: fail - stagnated or diverging (residual = 2.08020018744e-08)
minresid_iteration_0: fail - [ 1.95, 2.82] using coverages from [ 1.95, 2.82]; initial residual was 0.0102309627519 (residual = 2.08020018744e-08)
rootfinding_iteration_2: fail - stagnated or diverging (residual = 2.08020018744e-08)
minresid_iteration_1: fail - [ 1.95, 2.82] using coverages from [ 1.95, 3.05]; initial residual was 10002.3969931 (residual = 2.08020018744e-08)
minresid_iteration_2: success - [ 1.95, 2.82] using coverages from [ 2.16, 2.82]
rootfinding_iteration_2: fail - stagnated or diverging (residual = 2.08020018744e-08)
minresid_iteration_0: fail - [ 1.95, 2.58] using coverages from [ 1.95, 2.58]; initial residual was 0.415468982015 (residual = 2.08020018744e-08)
minresid_iteration_1: success - [ 1.95, 2.58] using coverages from [ 1.95, 2.34]
rootfinding_iteration_2: fail - stagnated or diverging (residual = 1.29565367134e-09)
minresid_iteration_0: fail - [ 1.74, 2.82] using coverages from [ 1.74, 2.82]; initial residual was 1.57158474238e-05 (residual = 1.29565367134e-09)
rootfinding_iteration_2: fail - stagnated or diverging (residual = 1.29565367134e-09)
minresid_iteration_1: fail - [ 1.74, 2.82] using coverages from [ 1.74, 3.05]; initial residual was 45.0561728374 (residual = 1.29565367134e-09)
minresid_iteration_2: success - [ 1.74, 2.82] using coverages from [ 1.95, 2.82]
rootfinding_iteration_2: fail - stagnated or diverging (residual = 1.29565367134e-09)
minresid_iteration_0: fail - [ 1.74, 2.58] using coverages from [ 1.74, 2.58]; initial residual was 0.000638171192975 (residual = 1.29565367134e-09)
minresid_iteration_1: success - [ 1.74, 2.58] using coverages from [ 1.74, 2.34]
rootfinding_iteration_2: fail - stagnated or diverging (residual = 8.06998502446e-11)
minresid_iteration_0: fail - [ 1.53, 2.82] using coverages from [ 1.53, 2.82]; initial residual was 2.41674664977e-08 (residual = 8.06998502446e-11)
rootfinding_iteration_2: fail - stagnated or diverging (residual = 8.06998502446e-11)
minresid_iteration_1: fail - [ 1.53, 2.82] using coverages from [ 1.32, 2.82]; initial residual was 4.12427982773e-09 (residual = 8.06998502446e-11)
rootfinding_iteration_2: fail - stagnated or diverging (residual = 8.06998502446e-11)
minresid_iteration_2: fail - [ 1.53, 2.82] using coverages from [ 1.53, 3.05]; initial residual was 0.00848021192218 (residual = 8.06998502446e-11)
minresid_iteration_3: success - [ 1.53, 2.82] using coverages from [ 1.74, 2.82]
rootfinding_iteration_2: fail - stagnated or diverging (residual = 8.06998502446e-11)
minresid_iteration_0: fail - [ 1.53, 2.58] using coverages from [ 1.53, 2.58]; initial residual was 6.40994858193e-06 (residual = 8.06998502446e-11)
minresid_iteration_1: success - [ 1.53, 2.58] using coverages from [ 1.53, 2.34]
mapper_iteration_1: status - 0 points do not have valid solution.
initial_evaluation: success - initial guess at point [ 3.00, 4.00]
initial_evaluation: success - initial guess at point [ 3.00, 3.76]
initial_evaluation: success - initial guess at point [ 3.00, 3.53]
initial_evaluation: success - initial guess at point [ 3.00, 3.29]
initial_evaluation: success - initial guess at point [ 3.00, 3.05]
initial_evaluation: success - initial guess at point [ 3.00, 2.82]
initial_evaluation: success - initial guess at point [ 3.00, 2.58]
initial_evaluation: success - initial guess at point [ 3.00, 2.34]
initial_evaluation: success - initial guess at point [ 3.00, 2.11]
initial_evaluation: success - initial guess at point [ 3.00, 1.87]
initial_evaluation: success - initial guess at point [ 3.00, 1.63]
initial_evaluation: success - initial guess at point [ 3.00, 1.39]
initial_evaluation: success - initial guess at point [ 3.00, 1.16]
initial_evaluation: success - initial guess at point [ 3.00, 0.92]
initial_evaluation: success - initial guess at point [ 3.00, 0.68]
initial_evaluation: success - initial guess at point [ 3.00, 0.45]
initial_evaluation: success - initial guess at point [ 3.00, 0.21]
initial_evaluation: success - initial guess at point [ 3.00,-0.03]
initial_evaluation: success - initial guess at point [ 3.00,-0.26]
initial_evaluation: success - initial guess at point [ 3.00,-0.50]
initial_evaluation: success - initial guess at point [ 2.79, 4.00]
initial_evaluation: success - initial guess at point [ 2.79, 3.76]
initial_evaluation: success - initial guess at point [ 2.79, 3.53]
initial_evaluation: success - initial guess at point [ 2.79, 3.29]
initial_evaluation: success - initial guess at point [ 2.79, 3.05]
initial_evaluation: success - initial guess at point [ 2.79, 2.82]
initial_evaluation: success - initial guess at point [ 2.79, 2.58]
initial_evaluation: success - initial guess at point [ 2.79, 2.34]
initial_evaluation: success - initial guess at point [ 2.79, 2.11]
initial_evaluation: success - initial guess at point [ 2.79, 1.87]
initial_evaluation: success - initial guess at point [ 2.79, 1.63]
initial_evaluation: success - initial guess at point [ 2.79, 1.39]
initial_evaluation: success - initial guess at point [ 2.79, 1.16]
initial_evaluation: success - initial guess at point [ 2.79, 0.92]
initial_evaluation: success - initial guess at point [ 2.79, 0.68]
initial_evaluation: success - initial guess at point [ 2.79, 0.45]
initial_evaluation: success - initial guess at point [ 2.79, 0.21]
initial_evaluation: success - initial guess at point [ 2.79,-0.03]
initial_evaluation: success - initial guess at point [ 2.79,-0.26]
initial_evaluation: success - initial guess at point [ 2.79,-0.50]
initial_evaluation: success - initial guess at point [ 2.58, 4.00]
initial_evaluation: success - initial guess at point [ 2.58, 3.76]
initial_evaluation: success - initial guess at point [ 2.58, 3.53]
initial_evaluation: success - initial guess at point [ 2.58, 3.29]
initial_evaluation: success - initial guess at point [ 2.58, 3.05]
initial_evaluation: success - initial guess at point [ 2.58, 2.82]
initial_evaluation: success - initial guess at point [ 2.58, 2.58]
initial_evaluation: success - initial guess at point [ 2.58, 2.34]
initial_evaluation: success - initial guess at point [ 2.58, 2.11]
initial_evaluation: success - initial guess at point [ 2.58, 1.87]
initial_evaluation: success - initial guess at point [ 2.58, 1.63]
initial_evaluation: success - initial guess at point [ 2.58, 1.39]
initial_evaluation: success - initial guess at point [ 2.58, 1.16]
initial_evaluation: success - initial guess at point [ 2.58, 0.92]
initial_evaluation: success - initial guess at point [ 2.58, 0.68]
initial_evaluation: success - initial guess at point [ 2.58, 0.45]
initial_evaluation: success - initial guess at point [ 2.58, 0.21]
initial_evaluation: success - initial guess at point [ 2.58,-0.03]
initial_evaluation: success - initial guess at point [ 2.58,-0.26]
initial_evaluation: success - initial guess at point [ 2.58,-0.50]
initial_evaluation: success - initial guess at point [ 2.37, 4.00]
initial_evaluation: success - initial guess at point [ 2.37, 3.76]
initial_evaluation: success - initial guess at point [ 2.37, 3.53]
initial_evaluation: success - initial guess at point [ 2.37, 3.29]
initial_evaluation: success - initial guess at point [ 2.37, 3.05]
initial_evaluation: success - initial guess at point [ 2.37, 2.82]
initial_evaluation: success - initial guess at point [ 2.37, 2.58]
initial_evaluation: success - initial guess at point [ 2.37, 2.34]
initial_evaluation: success - initial guess at point [ 2.37, 2.11]
initial_evaluation: success - initial guess at point [ 2.37, 1.87]
initial_evaluation: success - initial guess at point [ 2.37, 1.63]
initial_evaluation: success - initial guess at point [ 2.37, 1.39]
initial_evaluation: success - initial guess at point [ 2.37, 1.16]
initial_evaluation: success - initial guess at point [ 2.37, 0.92]
initial_evaluation: success - initial guess at point [ 2.37, 0.68]
initial_evaluation: success - initial guess at point [ 2.37, 0.45]
initial_evaluation: success - initial guess at point [ 2.37, 0.21]
initial_evaluation: success - initial guess at point [ 2.37,-0.03]
initial_evaluation: success - initial guess at point [ 2.37,-0.26]
initial_evaluation: success - initial guess at point [ 2.37,-0.50]
initial_evaluation: success - initial guess at point [ 2.16, 4.00]
initial_evaluation: success - initial guess at point [ 2.16, 3.76]
initial_evaluation: success - initial guess at point [ 2.16, 3.53]
initial_evaluation: success - initial guess at point [ 2.16, 3.29]
initial_evaluation: success - initial guess at point [ 2.16, 3.05]
initial_evaluation: success - initial guess at point [ 2.16, 2.82]
initial_evaluation: success - initial guess at point [ 2.16, 2.58]
initial_evaluation: success - initial guess at point [ 2.16, 2.34]
initial_evaluation: success - initial guess at point [ 2.16, 2.11]
initial_evaluation: success - initial guess at point [ 2.16, 1.87]
initial_evaluation: success - initial guess at point [ 2.16, 1.63]
initial_evaluation: success - initial guess at point [ 2.16, 1.39]
initial_evaluation: success - initial guess at point [ 2.16, 1.16]
initial_evaluation: success - initial guess at point [ 2.16, 0.92]
initial_evaluation: success - initial guess at point [ 2.16, 0.68]
initial_evaluation: success - initial guess at point [ 2.16, 0.45]
initial_evaluation: success - initial guess at point [ 2.16, 0.21]
initial_evaluation: success - initial guess at point [ 2.16,-0.03]
initial_evaluation: success - initial guess at point [ 2.16,-0.26]
initial_evaluation: success - initial guess at point [ 2.16,-0.50]
initial_evaluation: success - initial guess at point [ 1.95, 4.00]
initial_evaluation: success - initial guess at point [ 1.95, 3.76]
initial_evaluation: success - initial guess at point [ 1.95, 3.53]
initial_evaluation: success - initial guess at point [ 1.95, 3.29]
initial_evaluation: success - initial guess at point [ 1.95, 3.05]
initial_evaluation: success - initial guess at point [ 1.95, 2.82]
initial_evaluation: success - initial guess at point [ 1.95, 2.58]
initial_evaluation: success - initial guess at point [ 1.95, 2.34]
initial_evaluation: success - initial guess at point [ 1.95, 2.11]
initial_evaluation: success - initial guess at point [ 1.95, 1.87]
initial_evaluation: success - initial guess at point [ 1.95, 1.63]
initial_evaluation: success - initial guess at point [ 1.95, 1.39]
initial_evaluation: success - initial guess at point [ 1.95, 1.16]
initial_evaluation: success - initial guess at point [ 1.95, 0.92]
initial_evaluation: success - initial guess at point [ 1.95, 0.68]
initial_evaluation: success - initial guess at point [ 1.95, 0.45]
initial_evaluation: success - initial guess at point [ 1.95, 0.21]
initial_evaluation: success - initial guess at point [ 1.95,-0.03]
initial_evaluation: success - initial guess at point [ 1.95,-0.26]
initial_evaluation: success - initial guess at point [ 1.95,-0.50]
initial_evaluation: success - initial guess at point [ 1.74, 4.00]
initial_evaluation: success - initial guess at point [ 1.74, 3.76]
initial_evaluation: success - initial guess at point [ 1.74, 3.53]
initial_evaluation: success - initial guess at point [ 1.74, 3.29]
initial_evaluation: success - initial guess at point [ 1.74, 3.05]
initial_evaluation: success - initial guess at point [ 1.74, 2.82]
initial_evaluation: success - initial guess at point [ 1.74, 2.58]
initial_evaluation: success - initial guess at point [ 1.74, 2.34]
initial_evaluation: success - initial guess at point [ 1.74, 2.11]
initial_evaluation: success - initial guess at point [ 1.74, 1.87]
initial_evaluation: success - initial guess at point [ 1.74, 1.63]
initial_evaluation: success - initial guess at point [ 1.74, 1.39]
initial_evaluation: success - initial guess at point [ 1.74, 1.16]
initial_evaluation: success - initial guess at point [ 1.74, 0.92]
initial_evaluation: success - initial guess at point [ 1.74, 0.68]
initial_evaluation: success - initial guess at point [ 1.74, 0.45]
initial_evaluation: success - initial guess at point [ 1.74, 0.21]
initial_evaluation: success - initial guess at point [ 1.74,-0.03]
initial_evaluation: success - initial guess at point [ 1.74,-0.26]
initial_evaluation: success - initial guess at point [ 1.74,-0.50]
initial_evaluation: success - initial guess at point [ 1.53, 4.00]
initial_evaluation: success - initial guess at point [ 1.53, 3.76]
initial_evaluation: success - initial guess at point [ 1.53, 3.53]
initial_evaluation: success - initial guess at point [ 1.53, 3.29]
initial_evaluation: success - initial guess at point [ 1.53, 3.05]
initial_evaluation: success - initial guess at point [ 1.53, 2.82]
initial_evaluation: success - initial guess at point [ 1.53, 2.58]
initial_evaluation: success - initial guess at point [ 1.53, 2.34]
initial_evaluation: success - initial guess at point [ 1.53, 2.11]
initial_evaluation: success - initial guess at point [ 1.53, 1.87]
initial_evaluation: success - initial guess at point [ 1.53, 1.63]
initial_evaluation: success - initial guess at point [ 1.53, 1.39]
initial_evaluation: success - initial guess at point [ 1.53, 1.16]
initial_evaluation: success - initial guess at point [ 1.53, 0.92]
initial_evaluation: success - initial guess at point [ 1.53, 0.68]
initial_evaluation: success - initial guess at point [ 1.53, 0.45]
initial_evaluation: success - initial guess at point [ 1.53, 0.21]
initial_evaluation: success - initial guess at point [ 1.53,-0.03]
initial_evaluation: success - initial guess at point [ 1.53,-0.26]
initial_evaluation: success - initial guess at point [ 1.53,-0.50]
initial_evaluation: success - initial guess at point [ 1.32, 4.00]
initial_evaluation: success - initial guess at point [ 1.32, 3.76]
initial_evaluation: success - initial guess at point [ 1.32, 3.53]
initial_evaluation: success - initial guess at point [ 1.32, 3.29]
initial_evaluation: success - initial guess at point [ 1.32, 3.05]
initial_evaluation: success - initial guess at point [ 1.32, 2.82]
initial_evaluation: success - initial guess at point [ 1.32, 2.58]
initial_evaluation: success - initial guess at point [ 1.32, 2.34]
initial_evaluation: success - initial guess at point [ 1.32, 2.11]
initial_evaluation: success - initial guess at point [ 1.32, 1.87]
initial_evaluation: success - initial guess at point [ 1.32, 1.63]
initial_evaluation: success - initial guess at point [ 1.32, 1.39]
initial_evaluation: success - initial guess at point [ 1.32, 1.16]
initial_evaluation: success - initial guess at point [ 1.32, 0.92]
initial_evaluation: success - initial guess at point [ 1.32, 0.68]
initial_evaluation: success - initial guess at point [ 1.32, 0.45]
initial_evaluation: success - initial guess at point [ 1.32, 0.21]
initial_evaluation: success - initial guess at point [ 1.32,-0.03]
initial_evaluation: success - initial guess at point [ 1.32,-0.26]
initial_evaluation: success - initial guess at point [ 1.32,-0.50]
initial_evaluation: success - initial guess at point [ 1.11, 4.00]
initial_evaluation: success - initial guess at point [ 1.11, 3.76]
initial_evaluation: success - initial guess at point [ 1.11, 3.53]
initial_evaluation: success - initial guess at point [ 1.11, 3.29]
initial_evaluation: success - initial guess at point [ 1.11, 3.05]
initial_evaluation: success - initial guess at point [ 1.11, 2.82]
initial_evaluation: success - initial guess at point [ 1.11, 2.58]
initial_evaluation: success - initial guess at point [ 1.11, 2.34]
initial_evaluation: success - initial guess at point [ 1.11, 2.11]
initial_evaluation: success - initial guess at point [ 1.11, 1.87]
initial_evaluation: success - initial guess at point [ 1.11, 1.63]
initial_evaluation: success - initial guess at point [ 1.11, 1.39]
initial_evaluation: success - initial guess at point [ 1.11, 1.16]
initial_evaluation: success - initial guess at point [ 1.11, 0.92]
initial_evaluation: success - initial guess at point [ 1.11, 0.68]
initial_evaluation: success - initial guess at point [ 1.11, 0.45]
initial_evaluation: success - initial guess at point [ 1.11, 0.21]
initial_evaluation: success - initial guess at point [ 1.11,-0.03]
initial_evaluation: success - initial guess at point [ 1.11,-0.26]
initial_evaluation: success - initial guess at point [ 1.11,-0.50]
initial_evaluation: success - initial guess at point [ 0.89, 4.00]
initial_evaluation: success - initial guess at point [ 0.89, 3.76]
initial_evaluation: success - initial guess at point [ 0.89, 3.53]
initial_evaluation: success - initial guess at point [ 0.89, 3.29]
initial_evaluation: success - initial guess at point [ 0.89, 3.05]
initial_evaluation: success - initial guess at point [ 0.89, 2.82]
initial_evaluation: success - initial guess at point [ 0.89, 2.58]
initial_evaluation: success - initial guess at point [ 0.89, 2.34]
initial_evaluation: success - initial guess at point [ 0.89, 2.11]
initial_evaluation: success - initial guess at point [ 0.89, 1.87]
initial_evaluation: success - initial guess at point [ 0.89, 1.63]
initial_evaluation: success - initial guess at point [ 0.89, 1.39]
initial_evaluation: success - initial guess at point [ 0.89, 1.16]
initial_evaluation: success - initial guess at point [ 0.89, 0.92]
initial_evaluation: success - initial guess at point [ 0.89, 0.68]
initial_evaluation: success - initial guess at point [ 0.89, 0.45]
initial_evaluation: success - initial guess at point [ 0.89, 0.21]
initial_evaluation: success - initial guess at point [ 0.89,-0.03]
initial_evaluation: success - initial guess at point [ 0.89,-0.26]
initial_evaluation: success - initial guess at point [ 0.89,-0.50]
initial_evaluation: success - initial guess at point [ 0.68, 4.00]
initial_evaluation: success - initial guess at point [ 0.68, 3.76]
initial_evaluation: success - initial guess at point [ 0.68, 3.53]
initial_evaluation: success - initial guess at point [ 0.68, 3.29]
initial_evaluation: success - initial guess at point [ 0.68, 3.05]
initial_evaluation: success - initial guess at point [ 0.68, 2.82]
initial_evaluation: success - initial guess at point [ 0.68, 2.58]
initial_evaluation: success - initial guess at point [ 0.68, 2.34]
initial_evaluation: success - initial guess at point [ 0.68, 2.11]
initial_evaluation: success - initial guess at point [ 0.68, 1.87]
initial_evaluation: success - initial guess at point [ 0.68, 1.63]
initial_evaluation: success - initial guess at point [ 0.68, 1.39]
initial_evaluation: success - initial guess at point [ 0.68, 1.16]
initial_evaluation: success - initial guess at point [ 0.68, 0.92]
initial_evaluation: success - initial guess at point [ 0.68, 0.68]
initial_evaluation: success - initial guess at point [ 0.68, 0.45]
initial_evaluation: success - initial guess at point [ 0.68, 0.21]
initial_evaluation: success - initial guess at point [ 0.68,-0.03]
initial_evaluation: success - initial guess at point [ 0.68,-0.26]
initial_evaluation: success - initial guess at point [ 0.68,-0.50]
initial_evaluation: success - initial guess at point [ 0.47, 4.00]
initial_evaluation: success - initial guess at point [ 0.47, 3.76]
initial_evaluation: success - initial guess at point [ 0.47, 3.53]
initial_evaluation: success - initial guess at point [ 0.47, 3.29]
initial_evaluation: success - initial guess at point [ 0.47, 3.05]
initial_evaluation: success - initial guess at point [ 0.47, 2.82]
initial_evaluation: success - initial guess at point [ 0.47, 2.58]
initial_evaluation: success - initial guess at point [ 0.47, 2.34]
initial_evaluation: success - initial guess at point [ 0.47, 2.11]
initial_evaluation: success - initial guess at point [ 0.47, 1.87]
initial_evaluation: success - initial guess at point [ 0.47, 1.63]
initial_evaluation: success - initial guess at point [ 0.47, 1.39]
initial_evaluation: success - initial guess at point [ 0.47, 1.16]
initial_evaluation: success - initial guess at point [ 0.47, 0.92]
initial_evaluation: success - initial guess at point [ 0.47, 0.68]
initial_evaluation: success - initial guess at point [ 0.47, 0.45]
initial_evaluation: success - initial guess at point [ 0.47, 0.21]
initial_evaluation: success - initial guess at point [ 0.47,-0.03]
initial_evaluation: success - initial guess at point [ 0.47,-0.26]
initial_evaluation: success - initial guess at point [ 0.47,-0.50]
initial_evaluation: success - initial guess at point [ 0.26, 4.00]
initial_evaluation: success - initial guess at point [ 0.26, 3.76]
initial_evaluation: success - initial guess at point [ 0.26, 3.53]
initial_evaluation: success - initial guess at point [ 0.26, 3.29]
initial_evaluation: success - initial guess at point [ 0.26, 3.05]
initial_evaluation: success - initial guess at point [ 0.26, 2.82]
initial_evaluation: success - initial guess at point [ 0.26, 2.58]
initial_evaluation: success - initial guess at point [ 0.26, 2.34]
initial_evaluation: success - initial guess at point [ 0.26, 2.11]
initial_evaluation: success - initial guess at point [ 0.26, 1.87]
initial_evaluation: success - initial guess at point [ 0.26, 1.63]
initial_evaluation: success - initial guess at point [ 0.26, 1.39]
initial_evaluation: success - initial guess at point [ 0.26, 1.16]
initial_evaluation: success - initial guess at point [ 0.26, 0.92]
initial_evaluation: success - initial guess at point [ 0.26, 0.68]
initial_evaluation: success - initial guess at point [ 0.26, 0.45]
initial_evaluation: success - initial guess at point [ 0.26, 0.21]
initial_evaluation: success - initial guess at point [ 0.26,-0.03]
initial_evaluation: success - initial guess at point [ 0.26,-0.26]
initial_evaluation: success - initial guess at point [ 0.26,-0.50]
initial_evaluation: success - initial guess at point [ 0.05, 4.00]
initial_evaluation: success - initial guess at point [ 0.05, 3.76]
initial_evaluation: success - initial guess at point [ 0.05, 3.53]
initial_evaluation: success - initial guess at point [ 0.05, 3.29]
initial_evaluation: success - initial guess at point [ 0.05, 3.05]
initial_evaluation: success - initial guess at point [ 0.05, 2.82]
initial_evaluation: success - initial guess at point [ 0.05, 2.58]
initial_evaluation: success - initial guess at point [ 0.05, 2.34]
initial_evaluation: success - initial guess at point [ 0.05, 2.11]
initial_evaluation: success - initial guess at point [ 0.05, 1.87]
initial_evaluation: success - initial guess at point [ 0.05, 1.63]
initial_evaluation: success - initial guess at point [ 0.05, 1.39]
initial_evaluation: success - initial guess at point [ 0.05, 1.16]
initial_evaluation: success - initial guess at point [ 0.05, 0.92]
initial_evaluation: success - initial guess at point [ 0.05, 0.68]
initial_evaluation: success - initial guess at point [ 0.05, 0.45]
initial_evaluation: success - initial guess at point [ 0.05, 0.21]
initial_evaluation: success - initial guess at point [ 0.05,-0.03]
initial_evaluation: success - initial guess at point [ 0.05,-0.26]
initial_evaluation: success - initial guess at point [ 0.05,-0.50]
initial_evaluation: success - initial guess at point [-0.16, 4.00]
initial_evaluation: success - initial guess at point [-0.16, 3.76]
initial_evaluation: success - initial guess at point [-0.16, 3.53]
initial_evaluation: success - initial guess at point [-0.16, 3.29]
initial_evaluation: success - initial guess at point [-0.16, 3.05]
initial_evaluation: success - initial guess at point [-0.16, 2.82]
initial_evaluation: success - initial guess at point [-0.16, 2.58]
initial_evaluation: success - initial guess at point [-0.16, 2.34]
initial_evaluation: success - initial guess at point [-0.16, 2.11]
initial_evaluation: success - initial guess at point [-0.16, 1.87]
initial_evaluation: success - initial guess at point [-0.16, 1.63]
initial_evaluation: success - initial guess at point [-0.16, 1.39]
initial_evaluation: success - initial guess at point [-0.16, 1.16]
initial_evaluation: success - initial guess at point [-0.16, 0.92]
initial_evaluation: success - initial guess at point [-0.16, 0.68]
initial_evaluation: success - initial guess at point [-0.16, 0.45]
initial_evaluation: success - initial guess at point [-0.16, 0.21]
initial_evaluation: success - initial guess at point [-0.16,-0.03]
initial_evaluation: success - initial guess at point [-0.16,-0.26]
initial_evaluation: success - initial guess at point [-0.16,-0.50]
initial_evaluation: success - initial guess at point [-0.37, 4.00]
initial_evaluation: success - initial guess at point [-0.37, 3.76]
initial_evaluation: success - initial guess at point [-0.37, 3.53]
initial_evaluation: success - initial guess at point [-0.37, 3.29]
initial_evaluation: success - initial guess at point [-0.37, 3.05]
initial_evaluation: success - initial guess at point [-0.37, 2.82]
initial_evaluation: success - initial guess at point [-0.37, 2.58]
initial_evaluation: success - initial guess at point [-0.37, 2.34]
initial_evaluation: success - initial guess at point [-0.37, 2.11]
initial_evaluation: success - initial guess at point [-0.37, 1.87]
initial_evaluation: success - initial guess at point [-0.37, 1.63]
initial_evaluation: success - initial guess at point [-0.37, 1.39]
initial_evaluation: success - initial guess at point [-0.37, 1.16]
initial_evaluation: success - initial guess at point [-0.37, 0.92]
initial_evaluation: success - initial guess at point [-0.37, 0.68]
initial_evaluation: success - initial guess at point [-0.37, 0.45]
initial_evaluation: success - initial guess at point [-0.37, 0.21]
initial_evaluation: success - initial guess at point [-0.37,-0.03]
initial_evaluation: success - initial guess at point [-0.37,-0.26]
initial_evaluation: success - initial guess at point [-0.37,-0.50]
initial_evaluation: success - initial guess at point [-0.58, 4.00]
initial_evaluation: success - initial guess at point [-0.58, 3.76]
initial_evaluation: success - initial guess at point [-0.58, 3.53]
initial_evaluation: success - initial guess at point [-0.58, 3.29]
initial_evaluation: success - initial guess at point [-0.58, 3.05]
initial_evaluation: success - initial guess at point [-0.58, 2.82]
initial_evaluation: success - initial guess at point [-0.58, 2.58]
initial_evaluation: success - initial guess at point [-0.58, 2.34]
initial_evaluation: success - initial guess at point [-0.58, 2.11]
initial_evaluation: success - initial guess at point [-0.58, 1.87]
initial_evaluation: success - initial guess at point [-0.58, 1.63]
initial_evaluation: success - initial guess at point [-0.58, 1.39]
initial_evaluation: success - initial guess at point [-0.58, 1.16]
initial_evaluation: success - initial guess at point [-0.58, 0.92]
initial_evaluation: success - initial guess at point [-0.58, 0.68]
initial_evaluation: success - initial guess at point [-0.58, 0.45]
initial_evaluation: success - initial guess at point [-0.58, 0.21]
initial_evaluation: success - initial guess at point [-0.58,-0.03]
initial_evaluation: success - initial guess at point [-0.58,-0.26]
initial_evaluation: success - initial guess at point [-0.58,-0.50]
initial_evaluation: success - initial guess at point [-0.79, 4.00]
initial_evaluation: success - initial guess at point [-0.79, 3.76]
initial_evaluation: success - initial guess at point [-0.79, 3.53]
initial_evaluation: success - initial guess at point [-0.79, 3.29]
initial_evaluation: success - initial guess at point [-0.79, 3.05]
initial_evaluation: success - initial guess at point [-0.79, 2.82]
initial_evaluation: success - initial guess at point [-0.79, 2.58]
initial_evaluation: success - initial guess at point [-0.79, 2.34]
initial_evaluation: success - initial guess at point [-0.79, 2.11]
initial_evaluation: success - initial guess at point [-0.79, 1.87]
initial_evaluation: success - initial guess at point [-0.79, 1.63]
initial_evaluation: success - initial guess at point [-0.79, 1.39]
initial_evaluation: success - initial guess at point [-0.79, 1.16]
initial_evaluation: success - initial guess at point [-0.79, 0.92]
initial_evaluation: success - initial guess at point [-0.79, 0.68]
initial_evaluation: success - initial guess at point [-0.79, 0.45]
initial_evaluation: success - initial guess at point [-0.79, 0.21]
initial_evaluation: success - initial guess at point [-0.79,-0.03]
initial_evaluation: success - initial guess at point [-0.79,-0.26]
initial_evaluation: success - initial guess at point [-0.79,-0.50]
initial_evaluation: success - initial guess at point [-1.00, 4.00]
initial_evaluation: success - initial guess at point [-1.00, 3.76]
initial_evaluation: success - initial guess at point [-1.00, 3.53]
initial_evaluation: success - initial guess at point [-1.00, 3.29]
initial_evaluation: success - initial guess at point [-1.00, 3.05]
initial_evaluation: success - initial guess at point [-1.00, 2.82]
initial_evaluation: success - initial guess at point [-1.00, 2.58]
initial_evaluation: success - initial guess at point [-1.00, 2.34]
initial_evaluation: success - initial guess at point [-1.00, 2.11]
initial_evaluation: success - initial guess at point [-1.00, 1.87]
initial_evaluation: success - initial guess at point [-1.00, 1.63]
initial_evaluation: success - initial guess at point [-1.00, 1.39]
initial_evaluation: success - initial guess at point [-1.00, 1.16]
initial_evaluation: success - initial guess at point [-1.00, 0.92]
initial_evaluation: success - initial guess at point [-1.00, 0.68]
initial_evaluation: success - initial guess at point [-1.00, 0.45]
initial_evaluation: success - initial guess at point [-1.00, 0.21]
initial_evaluation: success - initial guess at point [-1.00,-0.03]
initial_evaluation: success - initial guess at point [-1.00,-0.26]
initial_evaluation: success - initial guess at point [-1.00,-0.50]
mapper_iteration_0: status - 0 points do not have valid solution."""